750
0 2
895
921
668 670
567
996 999
729
812
924
962
774 781
83
690
89
446
98
100
418 419
899
533
916 918
238 242
364
644
637 643
880
956 957
226 227
710 711
809
936
844
852
386 388
825 828
168 169
216
23
370
989
270 271
537 542
131 133
564 566
393
63
816 817
389
415 417
675 676
510 511
401 402
91 93
27 30
553 558
512 513
192
561
275
654
549
496 498
831
241
570
551
260
76 79
125
345 350
163 165
321 322
865
786
562 563
49 51
218 221
358
466 469
81
631 632
438 443
762 763
34
64 65
479
775
35
746
607 608
662 664
213
987
236 237
412
384 385
161 162
15 18
297 304
183 185
554
281
695 696
339 341
993 995
613
298
485
761
457
749 750
820
716 717
249 250
728
324 327
765 769
741
330 331
348
129 130
99 101
550
38
736
500
753 758
153 155
343 344
156 157
628 630
532
149
365 366
54 55
813 814
147 150
429
788 789
871 872
94 95
875
460
372 373
723
71 72
754
926
289 290
843
583 585
391
470 471
618 619
20 26
335 336
697 698
246 248
202
997
378
173 175
776
568 571
942
541
890
589 590
539
423
982 984
574
891 892
455 458
740 744
451
680
742
800 801
726 731
413 414
302
96 97
882 883
837 838
200 204
259 262
382 383
863
604
606
113
255
530
123 124
102 104
684 685
493
849
859
379
519
232
403 405
860
525 527
272
361
605
314
4
516
667
326
977 979
560
337 338
171 172
48
595 598
908
980 981
228
660 661
313
531
904 909
645
652
983
312
43
14
421
45
352
494 495
757
528 529
300
699 700
526
959
409 410
428 432
3
682
189
873 876
11
154
109
543 544
517 518
294
969
367
134 137
866 868
759 760
229
958 960
251
256 257
346
819
679
111
230
198 199
766
874
646
588
973 974
623
611
592
377
694
898 901
808 810
586 587
356
334
861 862
407 408
805 806
557
951
629
187
705 709
992
910 911
9
720 721
265
28
1
534 535
188 190
268
964
472
747
621
615 617
394 395
857 858
36 37
954
998
31 32
263 264
369
941 943
247
671
896
846 847
609 612
231 234
105 108
325
309
663
797 798
692
139
651 653
477
210
406
867
713
822
142
178
701 703
565
732
854
985 988
362
650
939
768
452 454
10 12
347
86 88
803
665 666
884 885
649
767
167
804
320
853 856
638
120
894 897
481 482
25
6 8
209
306 307
807
74
484 487
919 920
299
126 128
266 269
734
293
777
148
206 207
597
641
978
722
914
301
488
463
799
420
990 991
285 288
627
66 67
197
60
180 182
912 915
467
815
925
935
725
398 399
706
319
602
332
387
225
80 82
205
219
121
756
947 949
677
374
400
317
233
718
931
354
559
599 600
252 253
116 117
351
491
42
779
927 928
787
855
579 580
889
291 295
316
727
961 965
870
594
971
770 773
286
78
967 968
151 152
975
952 953
929 930
714 715
724
193
50
390 392
476 478
818 824
208
719
577 578
159
442
610
141
900
70
127
791
483
540
986
639
276
545 547
657 659
878
62
16
655
435
658
110
708
273 280
214 215
381
508
258
626
434 437
203
40 44
328
75
616
834 835
145
704
829
877
396
201
357
839
220
329
972
830
691
771
507
176
132
103
945 946
576
222
480
77
743
360
425
879 881
59 61
13
538
489
963
305
826
267
303
840 841
292
678
836
375 376
504
601 603
501 503
584
277
261
635 636
239
509
620 622
712
966
315
279
174
785
848
284
593
184
464 465
353 355
274
333
505
523 524
648
177
112
444 445
447 449
368 371
832 833
310 318
521 522
906
164
707
937 940
114 115
520
430
181
68 69
506
194
179
439
411
669
811
422 424
932 934
624 625
782 783
864
795 796
474 475
140
591
850
515
431
502
349
359 363
380
673 674
730
733
404
970
490 492
950
397
106
784
84 85
922
254
614
569
499
745
793 794
39
933
118 119
19
647
686 689
672
556
923
340
73
869
514
596
581 582
426 427
778
751 752
944
311
158 160
902 903
572 573
851
448
87
536
823
790
842
5
138 143
243 244
681 683
52 53
802
893
196
462
738
217
22
656
135
287
955
845
7
245
886
282
555
416
166
240
453
702
296
456
633 634
92
24
41
186
33
57 58
735 737
122
144 146
46 47
342
323
308
486
441
17
887
548 552
90
913
170
212
827
191 195
459 461
211
739
223 224
905
450
436
755
107
938
575
948
994
976
21
56
748
278
907
497
642
473
688
764
546
821
136
440
468
283
235
792
888
693
780
29
772
640
917
433
687
